<?xml version="1.0" encoding="UTF-8"?>
<!-- Generated by org.testng.reporters.JUnitReportReporter -->
<testsuite hostname="DESKTOP-HRDNGBR" failures="0" tests="1" name="com.amazon.testScript.BuyingMobilePhone" time="18.085" errors="0" timestamp="2023-08-30T18:48:13 PDT" skipped="0">
  <testcase classname="com.amazon.testScript.BuyingMobilePhone" name="BuyMobileFromAmazon" time="18.085"/>
</testsuite> <!-- com.amazon.testScript.BuyingMobilePhone -->
